<?xml version="1.0" encoding="UTF-8"?>
<!-- Generated by org.testng.reporters.JUnitReportReporter -->
<testsuite hostname="LAPTOP-P59I705N" failures="0" tests="2" name="testClasses.VerifyURLusingTestNg" time="32.959" errors="0" timestamp="2022-05-29T17:05:40 BST" skipped="0">
  <testcase classname="testClasses.VerifyURLusingTestNg" name="verifyURLafterlogin" time="15.925"/>
  <system-out/>
  <testcase classname="testClasses.VerifyURLusingTestNg" name="verifyURLafterlogin" time="17.034"/>
  <system-out/>
</testsuite> <!-- testClasses.VerifyURLusingTestNg -->
