<?xml version="1.0" encoding="UTF-8"?>
<!-- Generated by org.testng.reporters.JUnitReportReporter -->
<testsuite hostname="LAPTOP-P59I705N" failures="0" tests="2" name="testClasses.VerifyTextusingTestNg" time="54.198" errors="0" timestamp="2022-05-27T10:58:08 BST" skipped="0">
  <testcase classname="testClasses.VerifyTextusingTestNg" name="verifyURLafterlogin" time="17.661"/>
  <system-out/>
  <testcase classname="testClasses.VerifyTextusingTestNg" name="verifyURLoftodaysdeals" time="36.537"/>
  <system-out/>
</testsuite> <!-- testClasses.VerifyTextusingTestNg -->
